<?xml version="1.0" encoding="UTF-8"?>
<testsuite name="org.example.UserServiceTest" tests="4" skipped="0" failures="0" errors="0" timestamp="2023-06-18T08:38:02" hostname="SER-SPARENB01" time="0.063">
  <properties/>
  <testcase name="findByLoginTest()" classname="org.example.UserServiceTest" time="0.054"/>
  <testcase name="updateTest()" classname="org.example.UserServiceTest" time="0.003"/>
  <testcase name="findByIdTest()" classname="org.example.UserServiceTest" time="0.002"/>
  <testcase name="createTest()" classname="org.example.UserServiceTest" time="0.002"/>
  <system-out><![CDATA[11:38:02.572 [Test worker] INFO  org.example.service.UserService – Update user by id = 1
11:38:02.578 [Test worker] INFO  org.example.service.UserService – Create user login: user
]]></system-out>
  <system-err><![CDATA[]]></system-err>
</testsuite>
